<?xml version="1.0" encoding="UTF-8"?>
<!-- Generated by org.testng.reporters.JUnitReportReporter -->
<testsuite hostname="DESKTOP-S7G6L4U" failures="0" tests="2" name="cucumberoptions.TestRunner_TestNG" time="24.986" errors="0" timestamp="2023-07-25T11:57:53 IST" skipped="0">
  <testcase classname="cucumberoptions.TestRunner_TestNG" name="runScenario" time="12.156"/>
  <system-out/>
  <testcase classname="cucumberoptions.TestRunner_TestNG" name="runScenario" time="12.830"/>
  <system-out/>
</testsuite> <!-- cucumberoptions.TestRunner_TestNG -->
